[el-dni.com/index.html]
[backblue.gif]
[fade.gif]
[index.html]
[el-dni.com/images/icono-dni.png]
[el-dni.com/index-2.html]
[el-dni.com/images/buscar-personas-dni.png]
[el-dni.com/buscar-dni-por-nombre.html]
[el-dni.com/buscar-cumpleanios-por-nombres.html]
[el-dni.com/images/client.jpg]
[el-dni.com/images/search-icon.png]
[el-dni.com/js/jquery-3.4.1.min.js]
[el-dni.com/js/bootstrap.js]
[el-dni.com/index.html]
[el-dni.com/css/bootstrap.css]
[el-dni.com/images/menu.png]
[el-dni.com/images/hero.jpg]
[el-dni.com/images/about-bg.png]
[el-dni.com/images/location-white.png]
[el-dni.com/images/telephone-white.png]
[el-dni.com/images/envelope-white.png]
[el-dni.com/css/style.css]
[el-dni.com/css/responsive.css]
[el-dni.com/index-2.html]
[el-dni.com/buscar-dni-por-nombre.html]
[el-dni.com/buscar-cumpleanios-por-nombres.html]
