[eldni.com/index.html]
[backblue.gif]
[fade.gif]
[index.html]
[eldni.com/favicon.ico]
[eldni.com/2020/amp-spectre/spectre.min4290.css]
[eldni.com/2020/css/add-css4290.css]
[securepubads.g.doubleclick.net/tag/js/f.txt]
[eldni.com/2020/img/el-dni-logo.svg]
[eldni.com/pe/buscar-datos-por-dni.html]
[eldni.com/pe/buscar-por-nombres.html]
[eldni.com/2020/img/forward.svg]
[eldni.com/2020/img/dni-to-name.svg]
[pagead2.googlesyndication.com/pagead/js/f.txt]
[eldni.com/index.html]
[eldni.com/2020/amp-spectre/spectre.min4290.css]
[eldni.com/2020/css/add-css4290.css]
[eldni.com/2020/img/el-dni-logo.svg]
[eldni.com/2020/img/name-to-dni.svg]
[eldni.com/pe/buscar-por-dni.html]
[eldni.com/pe/obtener-digito-verificador-del-dni.html]
[eldni.com/pe/consultar-ruc-10-por-dni.html]
[eldni.com/pe/buscar-datos-por-dni.html]
[eldni.com/pe/buscar-por-nombres.html]
[eldni.com/2020/img/forward.svg]
[eldni.com/2020/img/dni-to-name.svg]
[eldni.com/2020/img/name-to-dni.svg]
[eldni.com/pe/buscar-nombres-por-ruc-10.html]
[eldni.com/pe/buscar-por-dni.html]
[eldni.com/pe/obtener-digito-verificador-del-dni.html]
[eldni.com/pe/consultar-ruc-10-por-dni.html]
[eldni.com/pe/buscar-nombres-por-ruc-10.html]
